[2025-03-25 16:08:28,068] INFO in emotion: emotion request!
 * Serving Flask app 'emotion'
 * Debug mode: on
WARNING: This is a development server. Do not use it in a production deployment. Use a production WSGI server instead.
 * Running on http://127.0.0.1:5001
Press CTRL+C to quit
 * Restarting with stat
[2025-03-25 16:08:39,265] INFO in emotion: emotion request!
 * Debugger is active!
 * Debugger PIN: 130-081-792
 * Detected change in 'C:\\Users\\kj\\Desktop\\myGit\\django\\projects\\maumcheck\\situation.py', reloading
Exception in thread Thread-1 (serve_forever):
Traceback (most recent call last):
  File "C:\Users\kj\anaconda3\Lib\threading.py", line 1075, in _bootstrap_inner
    self.run()
  File "C:\Users\kj\anaconda3\Lib\threading.py", line 1012, in run
    self._target(*self._args, **self._kwargs)
  File "C:\Users\kj\Desktop\myGit\django\venvs\maumcheck\Lib\site-packages\werkzeug\serving.py", line 819, in serve_forever
    super().serve_forever(poll_interval=poll_interval)
  File "C:\Users\kj\anaconda3\Lib\socketserver.py", line 235, in serve_forever
    ready = selector.select(poll_interval)
            ^^^^^^^^^^^^^^^^^^^^^^^^^^^^^^
  File "C:\Users\kj\anaconda3\Lib\selectors.py", line 323, in select
    r, w, _ = self._select(self._readers, self._writers, [], timeout)
              ^^^^^^^^^^^^^^^^^^^^^^^^^^^^^^^^^^^^^^^^^^^^^^^^^^^^^^^
  File "C:\Users\kj\anaconda3\Lib\selectors.py", line 314, in _select
    r, w, x = select.select(r, w, w, timeout)
              ^^^^^^^^^^^^^^^^^^^^^^^^^^^^^^^
OSError: [WinError 10038] 소켓 이외의 개체에 작업을 시도했습니다
 * Restarting with stat
[2025-03-25 16:10:35,271] INFO in emotion: emotion request!
 * Debugger is active!
 * Debugger PIN: 130-081-792
127.0.0.1 - - [25/Mar/2025 16:10:43] "OPTIONS /emotion HTTP/1.1" 200 -
[2025-03-25 16:10:43,944] DEBUG in emotion: [DEBUG] text: 한번씩 불안할때가 있습니다 불안한 감정이 들때면 과호흡이 생기고 공황발작이 일어납니다  늦은저녁 방안의 모든 불을 소등하면의지와 상관없이 중학교때 당했던 성폭행이 떠올라 과호흡을 하고  이불에 얼굴을 파묻고 벌벌 떱니다 사람들과 트러블이 생기면 항상 자책하고 죽고싶다는 생각과   그 상황을 피하고 싶다는 생각이 듭니다 부모님 집에 있는 제 방이 예전 사건이 일어났던 장소와 비슷하여   불안하고 누군가 저를 쳐다보는 기분이 들어 무섭습니다 잠들기 직전에 의지와 상관없이 사건당시 장면이    떠오르고 벌거벗겨져 사람들한테 보여지는 기분이 들면서 극한의 공포심이 생깁니다  지금 제상태가 제가 생각했을땐 외상후 스트레스장애 ptsd 인것 같습니다  어떻게 하는게 좋을까요?
[2025-03-25 16:10:44,633] DEBUG in emotion: [DEBUG] merged tokens: [('지와d', 0.019337844103574753), ('한번', 0.015638265758752823), ('[PAD]시했던', 0.014622029227515062), ('소', 0.01360755879431963), ('모든', 0.011716553010046482), ('당s', 0.011371964123100042), ('?러블가때', 0.010786110069602728), ('일어', 0.010296002961695194), ('성폭행벌', 0.010066873393952847), ('인', 0.009912434965372086)]
[2025-03-25 16:10:44,633] DEBUG in emotion: [DEBUG] context for '지와d': 지와d
[2025-03-25 16:10:48,157] DEBUG in emotion: [DEBUG] context for '한번': 한번씩 불안할때가 있습니다 불안한 감정이 들때면 과호흡이 
[2025-03-25 16:10:48,207] DEBUG in emotion: [DEBUG] context for '[PAD]시했던': [PAD]시했던
[2025-03-25 16:10:48,210] DEBUG in emotion: [DEBUG] context for '소': 고 공황발작이 일어납니다  늦은저녁 방안의 모든 불을 소등하면의지와 상관없이 중학교때 당했던 성폭행이 떠올라 
[2025-03-25 16:10:48,250] DEBUG in emotion: [DEBUG] context for '모든': 호흡이 생기고 공황발작이 일어납니다  늦은저녁 방안의 모든 불을 소등하면의지와 상관없이 중학교때 당했던 성폭행이
127.0.0.1 - - [25/Mar/2025 16:10:48] "POST /emotion HTTP/1.1" 200 -
 * Detected change in 'C:\\Users\\kj\\Desktop\\myGit\\django\\projects\\maumcheck\\situation.py', reloading
Exception in thread Thread-1 (serve_forever):
Traceback (most recent call last):
  File "C:\Users\kj\anaconda3\Lib\threading.py", line 1075, in _bootstrap_inner
    self.run()
  File "C:\Users\kj\anaconda3\Lib\threading.py", line 1012, in run
    self._target(*self._args, **self._kwargs)
  File "C:\Users\kj\Desktop\myGit\django\venvs\maumcheck\Lib\site-packages\werkzeug\serving.py", line 819, in serve_forever
    super().serve_forever(poll_interval=poll_interval)
  File "C:\Users\kj\anaconda3\Lib\socketserver.py", line 235, in serve_forever
    ready = selector.select(poll_interval)
            ^^^^^^^^^^^^^^^^^^^^^^^^^^^^^^
  File "C:\Users\kj\anaconda3\Lib\selectors.py", line 323, in select
    r, w, _ = self._select(self._readers, self._writers, [], timeout)
              ^^^^^^^^^^^^^^^^^^^^^^^^^^^^^^^^^^^^^^^^^^^^^^^^^^^^^^^
  File "C:\Users\kj\anaconda3\Lib\selectors.py", line 314, in _select
    r, w, x = select.select(r, w, w, timeout)
              ^^^^^^^^^^^^^^^^^^^^^^^^^^^^^^^
OSError: [WinError 10038] 소켓 이외의 개체에 작업을 시도했습니다
 * Restarting with stat
[2025-03-25 16:11:11,227] INFO in emotion: emotion request!
 * Debugger is active!
 * Debugger PIN: 130-081-792
127.0.0.1 - - [25/Mar/2025 16:14:04] "OPTIONS /emotion HTTP/1.1" 200 -
[2025-03-25 16:14:04,729] DEBUG in emotion: [DEBUG] text: 부모님 가난 내게 이어지는 게 싫어 내 취직 준비 하는 나 취직 할 수 있을까 내 특기 살려서 취직 할 수 있는 자리 알아보는 게 좋겠어
[2025-03-25 16:14:05,448] DEBUG in emotion: [DEBUG] merged tokens: [('싫어', 0.05055948346853256), ('할', 0.050122618675231934), ('자리어', 0.04003114812076092), ('살려', 0.0385260209441185), ('나', 0.037316884845495224), ('있을까', 0.03607647493481636), ('있는', 0.03489316254854202), ('내', 0.03320728987455368), ('수', 0.03314198553562164), ('할서', 0.03289119526743889)]
[2025-03-25 16:14:05,448] DEBUG in emotion: [DEBUG] context for '싫어': 부모님 가난 내게 이어지는 게 싫어 내 취직 준비 하는 나 취직 할 수 있을까 내 특기 
[2025-03-25 16:14:10,248] DEBUG in emotion: [DEBUG] context for '할':  내게 이어지는 게 싫어 내 취직 준비 하는 나 취직 할 수 있을까 내 특기 살려서 취직 할 수 있는 자리 알
[2025-03-25 16:14:10,275] DEBUG in emotion: [DEBUG] context for '자리어': 자리어
[2025-03-25 16:14:10,277] DEBUG in emotion: [DEBUG] context for '살려':  내 취직 준비 하는 나 취직 할 수 있을까 내 특기 살려서 취직 할 수 있는 자리 알아보는 게 좋겠어
[2025-03-25 16:14:10,297] DEBUG in emotion: [DEBUG] context for '나': 모님 가난 내게 이어지는 게 싫어 내 취직 준비 하는 나 취직 할 수 있을까 내 특기 살려서 취직 할 수 있는
127.0.0.1 - - [25/Mar/2025 16:14:10] "POST /emotion HTTP/1.1" 200 -
127.0.0.1 - - [25/Mar/2025 16:17:41] "OPTIONS /emotion HTTP/1.1" 200 -
[2025-03-25 16:17:41,920] DEBUG in emotion: [DEBUG] text: 요즘 계속 머리가 아프고 가슴이 답답해요  회사에서 업무가 쌓여서 밤늦게까지 야근하고, 실수라도 할까봐 늘 긴장하고 있어요  상사 눈치도 보고, 실적 압박도 심해서 무슨 일을 해도 만족을 못 느껴요  잠도 제대로 못 자고 매일 아침 출근이 두렵습니다
[2025-03-25 16:17:42,724] DEBUG in emotion: [DEBUG] merged tokens: [('서', 0.027880573645234108), ('못', 0.026274530217051506), ('아프', 0.025246113538742065), ('있어요도하고', 0.024817911287148792), ('보고', 0.024006135761737823), (',봐', 0.022658622823655605), ('제대로고이가', 0.021392884198576212), ('할까하고까지을근해요', 0.02025783775995175), ('답답', 0.01928975246846676), ('심해', 0.018990367650985718)]
[2025-03-25 16:17:42,724] DEBUG in emotion: [DEBUG] context for '서': 요즘 계속 머리가 아프고 가슴이 답답해요  회사에서 업무가 쌓여서 밤늦게까지 야근하고, 실수라도 할까봐 
[2025-03-25 16:17:42,750] DEBUG in emotion: [DEBUG] context for '못': 도 보고, 실적 압박도 심해서 무슨 일을 해도 만족을 못 느껴요  잠도 제대로 못 자고 매일 아침 출근이 두렵
[2025-03-25 16:17:42,765] DEBUG in emotion: [DEBUG] context for '아프': 요즘 계속 머리가 아프고 가슴이 답답해요  회사에서 업무가 쌓여서 밤늦게까지
[2025-03-25 16:17:42,779] DEBUG in emotion: [DEBUG] context for '있어요도하고': 있어요도하고
[2025-03-25 16:17:42,784] DEBUG in emotion: [DEBUG] context for '보고': , 실수라도 할까봐 늘 긴장하고 있어요  상사 눈치도 보고, 실적 압박도 심해서 무슨 일을 해도 만족을 못 느껴
127.0.0.1 - - [25/Mar/2025 16:17:42] "POST /emotion HTTP/1.1" 200 -
127.0.0.1 - - [25/Mar/2025 16:19:49] "OPTIONS /emotion HTTP/1.1" 200 -
[2025-03-25 16:19:49,251] DEBUG in emotion: [DEBUG] text: 안녕하세요  우연히 어플을 접하게 되어서 처음 작성해서 모르겠지만 익명이 보장되면 좋겠어요  저도 제가 부끄러운거 알고 있고 당장 상담이 어려워서 글로 남겨요   본론으로 들어가면 저는 초등학교 때부터 고등학생 때 까지 공부에 흥미가 없고 스트레스만 받아서 오로지 게임으로 도피를 해서 머리도 좋지 않고 성적도 나빴지만 출결을 잘해서 5등급으로 무난무난한 성적이었지만 면접 보기도 피해서 전문대 사회복지과를 지원해서 입학하게 됐습니다  그때 말을 처음 하기 시작했지만 그때도 그저 게임만하고 팀플때도 거의 도움받은게 다이며 무료 it교육이 있었지만 난 안될거야   하고 배우지 않았고 현재는 어찌저찌 2년제 졸업하고 과를 전공하지 않은채 배운거 없이, 알바 경험도 없이 등록금도 어머니가 내주시면서, 기숙사비도 내주시면서 졸업한지 4년정도 된것 같아요   어머니 도움으로 사회나가기 무섭다는 상담을 받은 적이 있는데 이때도 상담사분과 얘기하다 사회나가기 무섭다만 반복하고 막 떨고 울고 해서 진전이 안되니까 상담사분과 어머니가 얘기하고 어찌저찌 전체적인 검사를 받았어요  그리고 단순히 약만 처방 받고 이때도 일을 하지 않아 집에 있어서 약은 20알 정도 들은 한 통 챙겨먹다 효과가 없는것 같아 더이상 처방 받지 않고 중단해버렸어요   그래서 현재는 27살이 되었는데 알바조차 두려워서 시도를 못, 아니 안하고 있어요  난 못 할거야  난 혼날거야  난 실수할거야  이 생각을 하지말고 자신감을 가지라고, 스스로 변화하려고 노력하라고 말해주셔서 깊이 생각하지만 자꾸 저 생각이 떠나질 않고 말을 꺼낼때마다 떨리고 울면 안돼  하면서도 벌써 울게 돼서 울지말고 얘기하라고, 울면 해결이 되냐고 꾸중을 들어요   그런데 저도 이상한게 일상대화는 가능하고 막상 놀러나가면 잘 놀고 집에 있을 때 마음이 괜찮은데 꼭 무언가를 해야할 때, 배울 때 부정적인 생각이 떨쳐지질 않고 죽을거같단 생각까진 아닌데 가슴이 답답하고 근육통 온것처럼 팔이 불편해서 주무르게 되고 손도 가만히 냅두질 못하겠어요  그렇다고 몸을 심히 떠는것도 아니에요  그리고 휴대폰을 몇번 하다보면 금방 낫고 한 몇분 있다가 진정되다 다시 불편해지지만 곧바로 회복해요       그리고 앞으로 살아가려면 제가 일을 해서 돈을 벌어야 하는데 자꾸 이런저런 핑계 대면서 회피하기만 하고 부모님도 연세가 있으신데 안 계시면 어쩌지? 길거리에 나앉게 되도 똑같을텐데 하고 계속 같은 생각이 반복되니까 거듭 얘기하게 되고 부모님도 저도 지치는 상황이에요  우선은     아버지 회사에 직원으로 등록된 상태라 일이 해결되면 직원에서 빠지고 제과제빵 학원을 알아봐 주시니 편하게 기다리고 있으라고 하셨어요   그런데 이번엔 그냥 다른 사람도 아니고 친오빠를 만나서 가는 길에도 버스에서 답답함을 느끼고 대형쇼핑몰에서도 팔이 저리는 느낌을 받아서 같은 말을 어머니께 상담    의존하는건 좋은게 아니지만 받아보고 안되면 쩔 수 없지만 받아보는게 좋을거 같다고 카카오톡으로 남겼어요  제가 당장 돈이 없어서 어머니의 도움이 필요했거든요      상담도 약도 결국 돈이니까요  근데 이건 제가 알바를 하던 뭘 하던 해결 해야 하는게 맞는데 결국 알바를 피하니까 어머니를 의지해서 결과는 내가 늘 말하는  스스로 하지 않아서  이러길 반복하니까 죄송스럽고 차라리 죽으면 좋겠는데 무서워서 그러진 못해요   상담은 결과 보고 한번 본게 다고 이미 중단한 적이 있고 약은 효과도 없었고 받게 되더라도 약에 의존하게 되니까 그거 또 끊으면 더 심해진다고 그거 의존하지 말고  스스로  고칠 생각을 하라고 같은 얘기가 되풀이 되니까 저도 그렇고 부모님도 그렇고 지치고 스트레스 받는다고 그만 얘기하자고 했어요   그렇게 우선 기다리고 있는 상황이에요  더구나 전 친오빠가 기초적인 엑셀도 가르쳐줘서 유튜브 강의보고 따라하던것도 내팽겨치고 게임만 하던 답없는 삶을 살아서  네가 안하는데 뭘 더 가르쳐주냐  고 말하면서 친오빠도 포기했어요   저는 인지하지만 그  스스로  고치는걸 하지 않아서 좋게 말을 해주셔도 다 잔소리같고 회피하게 되고 여전할거 같아서 다 죄송하고 그냥 죽고싶은데 용기는 없는 상황이에요   이 생각도 그만하라는 말만 수없이 했는데 여전해서    풀고 싶어서 이렇게 적었어요  결국 제 스스로 변화가 필요한 일이라 상담이 어려운거 알아요  그렇기에 상담을 반대 하시는거니까요   상담은 큰 비용도 들고 오래 걸리고 무엇보다 제 의지와 자존감과  스스로하지 않는점 이 문제인거라 상담이 의미가 없다고 판단 되도 받아보고 결정하고 싶지만 반대하시는 상황이라 어려울거 같아서 신세한탄이라도 하고 싶어 이렇게 남깁니다   구구절절 말만 길었는데 끝까지 봐주셔서 감사합니다
Token indices sequence length is longer than the specified maximum sequence length for this model (898 > 512). Running this sequence through the model will result in indexing errors
[2025-03-25 16:19:49,954] DEBUG in emotion: [DEBUG] merged tokens: [('있고도', 0.011945661623030901), ('생각이', 0.008363286964595318), ('때때도', 0.007696403656154871), ('안녕하세요하게하다하고하라고주', 0.006998293412228425), ('처음', 0.00699723232537508), ('계시', 0.006994924042373896), ('꺼한중을', 0.006682861285905044), ('통', 0.006311729084700346), ('졸업한', 0.005941305309534073), ('들어까진', 0.005835648393258452)]
[2025-03-25 16:19:49,954] DEBUG in emotion: [DEBUG] context for '있고도': 있고도
[2025-03-25 16:19:49,957] DEBUG in emotion: [DEBUG] context for '생각이': 하려고 노력하라고 말해주셔서 깊이 생각하지만 자꾸 저 생각이 떠나질 않고 말을 꺼낼때마다 떨리고 울면 안돼  하면
[2025-03-25 16:19:49,974] DEBUG in emotion: [DEBUG] context for '때때도': 때때도
[2025-03-25 16:19:49,975] DEBUG in emotion: [DEBUG] context for '안녕하세요하게하다하고하라고주': 안녕하세요하게하다하고하라고주
[2025-03-25 16:19:49,992] DEBUG in emotion: [DEBUG] context for '처음': 안녕하세요  우연히 어플을 접하게 되어서 처음 작성해서 모르겠지만 익명이 보장되면 좋겠어요  저도 
[2025-03-25 16:19:50,689] DEBUG in emotion: [DEBUG] merged tokens: [('진요', 0.011495428625494242), ('생각이도', 0.008075602119788527), ('아니', 0.0071206288412213326), ('꼭어요', 0.006761061260476708), ('진정보면', 0.006196971051394939), ('죽질다', 0.005821526361008485), ('학원중을', 0.00575479376129806), ('그런데이', 0.005596180446445942), ('살아어요에요해요', 0.0052257057977840304), ('우선냐고', 0.0050389766693115234)]
[2025-03-25 16:19:50,689] DEBUG in emotion: [DEBUG] context for '진요': 진요
[2025-03-25 16:19:50,691] DEBUG in emotion: [DEBUG] context for '생각이도': 생각이도
[2025-03-25 16:19:50,693] DEBUG in emotion: [DEBUG] context for '아니': 재는 27살이 되었는데 알바조차 두려워서 시도를 못, 아니 안하고 있어요  난 못 할거야  난 혼날거야  난 실
[2025-03-25 16:19:50,707] DEBUG in emotion: [DEBUG] context for '꼭어요': 꼭어요
[2025-03-25 16:19:50,708] DEBUG in emotion: [DEBUG] context for '진정보면': 진정보면
[2025-03-25 16:19:51,383] DEBUG in emotion: [DEBUG] merged tokens: [('진', 0.012928678654134274), ('말하면서거든요절', 0.008712545968592167), ('아니고어요', 0.007779914885759354), ('그냥', 0.007128247059881687), ('결정어요', 0.006729987217113376), ('한번하고', 0.006475087022408843), ('싶어서', 0.00629720464348793), ('반복요냐서', 0.005918310722336173), ('좋겠', 0.005687452387064695), ('내가', 0.005684086587280035)]
[2025-03-25 16:19:51,383] DEBUG in emotion: [DEBUG] context for '진': 하다 사회나가기 무섭다만 반복하고 막 떨고 울고 해서 진전이 안되니까 상담사분과 어머니가 얘기하고 어찌저찌 전
[2025-03-25 16:19:51,398] DEBUG in emotion: [DEBUG] context for '말하면서거든요절': 말하면서거든요절
[2025-03-25 16:19:51,403] DEBUG in emotion: [DEBUG] context for '아니고어요': 아니고어요
[2025-03-25 16:19:51,406] DEBUG in emotion: [DEBUG] context for '그냥':  편하게 기다리고 있으라고 하셨어요   그런데 이번엔 그냥 다른 사람도 아니고 친오빠를 만나서 가는 길에도 버스
[2025-03-25 16:19:51,418] DEBUG in emotion: [DEBUG] context for '결정어요': 결정어요
[2025-03-25 16:19:52,035] DEBUG in emotion: [DEBUG] merged tokens: [('셔도', 0.020333461463451385), ('되고고', 0.016137988306581974), ('말을', 0.014627646654844284), ('같아서', 0.013627814128994942), ('들고도같', 0.013259091104070345), ('좋게', 0.012852338142693043), ('[PAD]', 0.01285227295011282), ('해주점', 0.012765828520059586), ('그렇기하고', 0.011806991882622242), ('걸', 0.011079700663685799)]
[2025-03-25 16:19:52,036] DEBUG in emotion: [DEBUG] context for '셔도': 만 그  스스로  고치는걸 하지 않아서 좋게 말을 해주셔도 다 잔소리같고 회피하게 되고 여전할거 같아서 다 죄송
[2025-03-25 16:19:52,043] DEBUG in emotion: [DEBUG] context for '되고고': 되고고
[2025-03-25 16:19:52,044] DEBUG in emotion: [DEBUG] context for '말을': 전문대 사회복지과를 지원해서 입학하게 됐습니다  그때 말을 처음 하기 시작했지만 그때도 그저 게임만하고 팀플때도
[2025-03-25 16:19:52,055] DEBUG in emotion: [DEBUG] context for '같아서':  말을 해주셔도 다 잔소리같고 회피하게 되고 여전할거 같아서 다 죄송하고 그냥 죽고싶은데 용기는 없는 상황이에요 
[2025-03-25 16:19:52,062] DEBUG in emotion: [DEBUG] context for '들고도같': 들고도같
127.0.0.1 - - [25/Mar/2025 16:19:52] "POST /emotion HTTP/1.1" 200 -
127.0.0.1 - - [25/Mar/2025 16:27:09] "OPTIONS /emotion HTTP/1.1" 200 -
[2025-03-25 16:27:09,633] DEBUG in emotion: [DEBUG] text: 요즘 술을 자주 마시게 됩니다  혼자 있는 게 싫고, 취하지 않으면 불안해서 술에 의존하게 돼요  스스로도 이게 좋지 않다는 건 알아요
[2025-03-25 16:27:10,256] DEBUG in emotion: [DEBUG] merged tokens: [('[SEP]', 0.05853588879108429), ('돼', 0.05834633857011795), ('[PAD]', 0.054659564048051834), ('요즘', 0.05465955659747124), ('스스로', 0.052836716175079346), ('혼자', 0.04745553806424141), ('이게', 0.04087693989276886), ('알아', 0.03869388997554779), ('술에', 0.038284581154584885), ('자주', 0.037727102637290955)]
[2025-03-25 16:27:10,256] DEBUG in emotion: [DEBUG] context for '[SEP]': [SEP]
[2025-03-25 16:27:10,258] DEBUG in emotion: [DEBUG] context for '돼': 있는 게 싫고, 취하지 않으면 불안해서 술에 의존하게 돼요  스스로도 이게 좋지 않다는 건 알아요
[2025-03-25 16:27:10,266] DEBUG in emotion: [DEBUG] context for '[PAD]': [PAD]
[2025-03-25 16:27:10,267] DEBUG in emotion: [DEBUG] context for '요즘': 요즘 술을 자주 마시게 됩니다  혼자 있는 게 싫고, 취하
[2025-03-25 16:27:10,271] DEBUG in emotion: [DEBUG] context for '스스로':  싫고, 취하지 않으면 불안해서 술에 의존하게 돼요  스스로도 이게 좋지 않다는 건 알아요
127.0.0.1 - - [25/Mar/2025 16:27:10] "POST /emotion HTTP/1.1" 200 -
127.0.0.1 - - [25/Mar/2025 16:28:22] "OPTIONS /emotion HTTP/1.1" 200 -
[2025-03-25 16:28:22,592] DEBUG in emotion: [DEBUG] text: 아기를 낳은 지 몇 달 안 됐는데, 이유 없이 눈물이 나고 자주 짜증이 나요  주변에선 예민하다고만 하고, 이해받지 못해요
[2025-03-25 16:28:23,246] DEBUG in emotion: [DEBUG] merged tokens: [('아기를', 0.05964494124054909), ('[PAD]', 0.05964483320713043), ('됐만', 0.053948208689689636), ('짜증하다고', 0.04479311965405941), ('나', 0.04331975057721138), ('낳은', 0.04245438426733017), ('이해', 0.03864150866866112), ('하고', 0.03387383371591568), ('달', 0.033487580716609955), ('주변에', 0.03290616720914841)]
[2025-03-25 16:28:23,246] DEBUG in emotion: [DEBUG] context for '아기를': 아기를 낳은 지 몇 달 안 됐는데, 이유 없이 눈물이 나고 
[2025-03-25 16:28:23,250] DEBUG in emotion: [DEBUG] context for '[PAD]': [PAD]
[2025-03-25 16:28:23,250] DEBUG in emotion: [DEBUG] context for '됐만': 됐만
[2025-03-25 16:28:23,251] DEBUG in emotion: [DEBUG] context for '짜증하다고': 짜증하다고
[2025-03-25 16:28:23,252] DEBUG in emotion: [DEBUG] context for '나': 아기를 낳은 지 몇 달 안 됐는데, 이유 없이 눈물이 나고 자주 짜증이 나요  주변에선 예민하다고만 하고, 이
127.0.0.1 - - [25/Mar/2025 16:28:23] "POST /emotion HTTP/1.1" 200 -
127.0.0.1 - - [25/Mar/2025 16:32:14] "OPTIONS /emotion HTTP/1.1" 200 -
[2025-03-25 16:32:14,848] DEBUG in emotion: [DEBUG] text: 안녕하세요  30대에 접어들어 실직하게 되니 마음이 무겁고 불안합니다  그동안 쌓아온 경력과 자존감이 한순간에 무너진 느낌입니다  주변 친구들은 안정된 직장생활을 하고 있는데, 나만 뒤처진 것 같아 초조합니다  재취업을 위해 이력서를 준비하고 있지만, 매번 거절당하는 소식에 자신감이 떨어집니다  경제적인 부담도 크고, 미래에 대한 불안감이 커져만 가네요  어떻게 이 상황을 극복하고 다시 일어설 수 있을까요? 조언이 필요합니다
[2025-03-25 16:32:15,540] DEBUG in emotion: [DEBUG] merged tokens: [('순', 0.025197548791766167), ('경제적', 0.02289567142724991), ('?', 0.022174570709466934), ('30대', 0.020638054236769676), ('그동안', 0.018271496519446373), ('주변', 0.017393488436937332), ('상황을', 0.017278583720326424), ('매번니다', 0.016815013252198696), ('준비하고', 0.016394078731536865), ('크고간에', 0.014768211171030998)]
[2025-03-25 16:32:15,541] DEBUG in emotion: [DEBUG] context for '순':  무겁고 불안합니다  그동안 쌓아온 경력과 자존감이 한순간에 무너진 느낌입니다  주변 친구들은 안정된 직장생활
[2025-03-25 16:32:15,549] DEBUG in emotion: [DEBUG] context for '경제적': 있지만, 매번 거절당하는 소식에 자신감이 떨어집니다  경제적인 부담도 크고, 미래에 대한 불안감이 커져만 가네요 
[2025-03-25 16:32:15,557] DEBUG in emotion: [DEBUG] context for '?':   어떻게 이 상황을 극복하고 다시 일어설 수 있을까요? 조언이 필요합니다
[2025-03-25 16:32:15,562] DEBUG in emotion: [DEBUG] context for '30대': 안녕하세요  30대에 접어들어 실직하게 되니 마음이 무겁고 불안합니다  
[2025-03-25 16:32:15,565] DEBUG in emotion: [DEBUG] context for '그동안': 에 접어들어 실직하게 되니 마음이 무겁고 불안합니다  그동안 쌓아온 경력과 자존감이 한순간에 무너진 느낌입니다  
127.0.0.1 - - [25/Mar/2025 16:32:15] "POST /emotion HTTP/1.1" 200 -
127.0.0.1 - - [25/Mar/2025 16:32:55] "OPTIONS /emotion HTTP/1.1" 200 -
[2025-03-25 16:32:55,379] DEBUG in emotion: [DEBUG] text: 안녕하세요  30대에 실직하게 되어 마음이 무겁습니다  경력과 자존감이 흔들리며, 주변 친구들은 안정된 직장생활을 하고 있어 더욱 초조합니다  재취업을 위해 노력하고 있지만, 거절당하는 소식에 자신감이 떨어집니다  경제적 부담도 크고, 미래가 불안합니다  이 상황을 어떻게 극복할 수 있을까요? 조언이 필요합니다
[2025-03-25 16:32:56,027] DEBUG in emotion: [DEBUG] merged tokens: [('?', 0.03666382282972336), ('자존', 0.03449082747101784), ('필요합니다니다', 0.03179335035383701), ('실', 0.027424830943346024), ('수', 0.026511317119002342), ('노력하고', 0.02389059029519558), ('있을까요습니다직', 0.022913698727885883), ('주변', 0.02189023420214653), ('크고', 0.021468551829457283), ('안녕하세요', 0.021000299602746964)]
[2025-03-25 16:32:56,027] DEBUG in emotion: [DEBUG] context for '?': 래가 불안합니다  이 상황을 어떻게 극복할 수 있을까요? 조언이 필요합니다
[2025-03-25 16:32:56,033] DEBUG in emotion: [DEBUG] context for '자존':   30대에 실직하게 되어 마음이 무겁습니다  경력과 자존감이 흔들리며, 주변 친구들은 안정된 직장생활을 하고 
[2025-03-25 16:32:56,041] DEBUG in emotion: [DEBUG] context for '필요합니다니다': 필요합니다니다
[2025-03-25 16:32:56,044] DEBUG in emotion: [DEBUG] context for '실': 안녕하세요  30대에 실직하게 되어 마음이 무겁습니다  경력과 자존감이 흔들리
[2025-03-25 16:32:56,050] DEBUG in emotion: [DEBUG] context for '수':  크고, 미래가 불안합니다  이 상황을 어떻게 극복할 수 있을까요? 조언이 필요합니다
127.0.0.1 - - [25/Mar/2025 16:32:56] "POST /emotion HTTP/1.1" 200 -
127.0.0.1 - - [25/Mar/2025 16:33:43] "OPTIONS /emotion HTTP/1.1" 200 -
[2025-03-25 16:33:43,522] DEBUG in emotion: [DEBUG] text: 안녕하세요  30대에 실직하게 되어 마음이 무겁습니다  경력과 자존감이 흔들리며, 주변 친구들은 안정된 직장생활을 하고 있어 더욱 초조합니다  재취업을 위해 노력하고 있지만, 거절당하는 소식에 자신감이 떨어집니다  경제적 부담도 크고, 미래가 불안합니다   조언이 필요합니다
[2025-03-25 16:33:44,222] DEBUG in emotion: [DEBUG] merged tokens: [('자존', 0.03746843338012695), ('실니다', 0.033865829929709435), ('마음이습니다', 0.03133745305240154), ('필요합니다', 0.026744719594717026), ('안녕하세요', 0.026389559730887413), ('[PAD]', 0.02638951875269413), ('안정된', 0.02607794664800167), (',', 0.025109952315688133), ('크고하게직', 0.02300988572339217), ('경제적', 0.02195059321820736)]
[2025-03-25 16:33:44,222] DEBUG in emotion: [DEBUG] context for '자존':   30대에 실직하게 되어 마음이 무겁습니다  경력과 자존감이 흔들리며, 주변 친구들은 안정된 직장생활을 하고 
[2025-03-25 16:33:44,231] DEBUG in emotion: [DEBUG] context for '실니다': 실니다
[2025-03-25 16:33:44,232] DEBUG in emotion: [DEBUG] context for '마음이습니다': 마음이습니다
[2025-03-25 16:33:44,234] DEBUG in emotion: [DEBUG] context for '필요합니다':   경제적 부담도 크고, 미래가 불안합니다   조언이 필요합니다
[2025-03-25 16:33:44,238] DEBUG in emotion: [DEBUG] context for '안녕하세요': 안녕하세요  30대에 실직하게 되어 마음이 무겁습니다  경력과 
127.0.0.1 - - [25/Mar/2025 16:33:44] "POST /emotion HTTP/1.1" 200 -
